<?xml version="1.0" encoding="UTF-8"?>
<!-- Generated by org.testng.reporters.JUnitReportReporter -->
<testsuite hostname="del1-lhp-n82030" failures="0" tests="4" name="OrangeHrms.MultipleParameter" time="15.568" errors="0" timestamp="2022-07-21T09:05:34 IST" skipped="0">
  <testcase classname="OrangeHrms.MultipleParameter" name="login" time="3.967"/>
  <system-out/>
  <testcase classname="OrangeHrms.MultipleParameter" name="login" time="3.687"/>
  <system-out/>
  <testcase classname="OrangeHrms.MultipleParameter" name="login" time="4.127"/>
  <system-out/>
  <testcase classname="OrangeHrms.MultipleParameter" name="login" time="3.787"/>
  <system-out/>
</testsuite> <!-- OrangeHrms.MultipleParameter -->
