<?xml version="1.0" encoding="UTF-8"?>
<!-- Generated by org.testng.reporters.JUnitReportReporter -->
<testsuite hostname="del1-lhp-n82030" failures="0" tests="1" name="OrangeHrms.Navigation" time="21.869" errors="0" timestamp="2022-07-20T09:36:02 IST" skipped="0">
  <testcase classname="OrangeHrms.Navigation" name="getTitle" time="21.869"/>
  <system-out/>
</testsuite> <!-- OrangeHrms.Navigation -->
