<?xml version="1.0" encoding="UTF-8"?>
<!-- Generated by org.testng.reporters.JUnitReportReporter -->
<testsuite hostname="del1-lhp-n82030" failures="0" tests="3" name="OrangeHrms.Login" time="13.831" errors="0" timestamp="2022-07-21T09:16:31 IST" skipped="0">
  <testcase classname="OrangeHrms.Login" name="loginSetup" time="5.126"/>
  <system-out/>
  <testcase classname="OrangeHrms.Login" name="loginSetup" time="4.310"/>
  <system-out/>
  <testcase classname="OrangeHrms.Login" name="loginSetup" time="4.395"/>
  <system-out/>
</testsuite> <!-- OrangeHrms.Login -->
